c:\users\grill66\documents\github\hackdll\hackdll\hackdll\x64\release\hackdll.pch
c:\users\grill66\documents\github\hackdll\hackdll\hackdll\x64\release\vc140.pdb
c:\users\grill66\documents\github\hackdll\hackdll\hackdll\x64\release\stdafx.obj
c:\users\grill66\documents\github\hackdll\hackdll\hackdll\x64\release\sendhook.obj
c:\users\grill66\documents\github\hackdll\hackdll\hackdll\x64\release\recvhook.obj
c:\users\grill66\documents\github\hackdll\hackdll\hackdll\x64\release\plainpackethook.obj
c:\users\grill66\documents\github\hackdll\hackdll\hackdll\x64\release\packets.obj
c:\users\grill66\documents\github\hackdll\hackdll\hackdll\x64\release\memoryscanner.obj
c:\users\grill66\documents\github\hackdll\hackdll\hackdll\x64\release\hackdll.obj
c:\users\grill66\documents\github\hackdll\hackdll\hackdll\x64\release\chathook.obj
c:\users\grill66\documents\github\hackdll\hackdll\hackdll\x64\release\dllmain.obj
c:\users\grill66\documents\github\hackdll\hackdll\x64\release\hackdll.dll
c:\users\grill66\documents\github\hackdll\hackdll\x64\release\hackdll.ipdb
c:\users\grill66\documents\github\hackdll\hackdll\x64\release\hackdll.iobj
c:\users\grill66\documents\github\hackdll\hackdll\x64\release\hackdll.pdb
c:\users\grill66\documents\github\hackdll\hackdll\hackdll\x64\release\hackdll.tlog\cl.command.1.tlog
c:\users\grill66\documents\github\hackdll\hackdll\hackdll\x64\release\hackdll.tlog\cl.read.1.tlog
c:\users\grill66\documents\github\hackdll\hackdll\hackdll\x64\release\hackdll.tlog\cl.write.1.tlog
c:\users\grill66\documents\github\hackdll\hackdll\hackdll\x64\release\hackdll.tlog\link.command.1.tlog
c:\users\grill66\documents\github\hackdll\hackdll\hackdll\x64\release\hackdll.tlog\link.read.1.tlog
c:\users\grill66\documents\github\hackdll\hackdll\hackdll\x64\release\hackdll.tlog\link.write.1.tlog
