  Packets.cpp
Packets.cpp(36): warning C4996: 'fopen': This function or variable may be unsafe. Consider using fopen_s instead. To disable deprecation, use _CRT_SECURE_NO_WARNINGS. See online help for details.
  C:\Program Files (x86)\Windows Kits\10\Include\10.0.10240.0\ucrt\stdio.h(205): note: 'fopen' 선언을 참조하십시오.
Packets.cpp(37): warning C4996: 'fscanf': This function or variable may be unsafe. Consider using fscanf_s instead. To disable deprecation, use _CRT_SECURE_NO_WARNINGS. See online help for details.
  C:\Program Files (x86)\Windows Kits\10\Include\10.0.10240.0\ucrt\stdio.h(1193): note: 'fscanf' 선언을 참조하십시오.
Packets.cpp(44): warning C4477: 'fscanf' : 서식 문자열 '%02X'에 'unsigned int *' 형식의 인수가 필요하지만 variadic 인수 1의 형식이 'BYTE *'입니다.
  Packets.cpp(44): note: 서식 문자열에서 '%hhX'을(를) 사용하는 것이 좋습니다.
Packets.cpp(44): warning C4996: 'fscanf': This function or variable may be unsafe. Consider using fscanf_s instead. To disable deprecation, use _CRT_SECURE_NO_WARNINGS. See online help for details.
  C:\Program Files (x86)\Windows Kits\10\Include\10.0.10240.0\ucrt\stdio.h(1193): note: 'fscanf' 선언을 참조하십시오.
Packets.cpp(50): warning C4477: 'fscanf' : 서식 문자열 '%02X'에 'unsigned int *' 형식의 인수가 필요하지만 variadic 인수 1의 형식이 'BYTE *'입니다.
  Packets.cpp(50): note: 서식 문자열에서 '%hhX'을(를) 사용하는 것이 좋습니다.
Packets.cpp(50): warning C4996: 'fscanf': This function or variable may be unsafe. Consider using fscanf_s instead. To disable deprecation, use _CRT_SECURE_NO_WARNINGS. See online help for details.
  C:\Program Files (x86)\Windows Kits\10\Include\10.0.10240.0\ucrt\stdio.h(1193): note: 'fscanf' 선언을 참조하십시오.
Packets.cpp(72): warning C4267: '초기화 중': 'size_t'에서 'int'(으)로 변환하면서 데이터가 손실될 수 있습니다.
Packets.cpp(77): warning C4996: 'wcscpy': This function or variable may be unsafe. Consider using wcscpy_s instead. To disable deprecation, use _CRT_SECURE_NO_WARNINGS. See online help for details.
  C:\Program Files (x86)\Windows Kits\10\Include\10.0.10240.0\ucrt\corecrt_wstring.h(121): note: 'wcscpy' 선언을 참조하십시오.
Packets.cpp(123): warning C4996: 'sprintf': This function or variable may be unsafe. Consider using sprintf_s instead. To disable deprecation, use _CRT_SECURE_NO_WARNINGS. See online help for details.
  C:\Program Files (x86)\Windows Kits\10\Include\10.0.10240.0\ucrt\stdio.h(1769): note: 'sprintf' 선언을 참조하십시오.
Packets.cpp(145): warning C4996: 'fopen': This function or variable may be unsafe. Consider using fopen_s instead. To disable deprecation, use _CRT_SECURE_NO_WARNINGS. See online help for details.
  C:\Program Files (x86)\Windows Kits\10\Include\10.0.10240.0\ucrt\stdio.h(205): note: 'fopen' 선언을 참조하십시오.
Packets.cpp(153): warning C4996: 'sprintf': This function or variable may be unsafe. Consider using sprintf_s instead. To disable deprecation, use _CRT_SECURE_NO_WARNINGS. See online help for details.
  C:\Program Files (x86)\Windows Kits\10\Include\10.0.10240.0\ucrt\stdio.h(1769): note: 'sprintf' 선언을 참조하십시오.
  코드를 생성하고 있습니다.
  4 of 170 functions ( 2.4%) were compiled, the rest were copied from previous compilation.
    0 functions were new in current compilation
    1 functions had inline decision re-evaluated but remain unchanged
  코드를 생성했습니다.
  HackDLL.vcxproj -> C:\Users\grill66\Documents\GitHub\HackDLL\HackDLL\x64\Release\HackDLL.dll
